<?xml version="1.0" encoding="UTF-8"?>
<coverage generated="1623146174114" clover="3.2.0">
  <project timestamp="1623146174114" name="All files">
    <metrics statements="11" coveredstatements="9" conditionals="4" coveredconditionals="0" methods="6" coveredmethods="3" elements="21" coveredelements="12" complexity="0" loc="11" ncloc="11" packages="2" files="2" classes="2"/>
    <package name="components.hello">
      <metrics statements="3" coveredstatements="3" conditionals="0" coveredconditionals="0" methods="2" coveredmethods="1"/>
      <file name="index.js" path="D:\my\react-c\src\components\hello\index.js">
        <metrics statements="3" coveredstatements="3" conditionals="0" coveredconditionals="0" methods="2" coveredmethods="1"/>
        <line num="6" count="1" type="stmt"/>
        <line num="8" count="1" type="stmt"/>
        <line num="10" count="1" type="stmt"/>
      </file>
    </package>
    <package name="todos.components">
      <metrics statements="8" coveredstatements="6" conditionals="4" coveredconditionals="0" methods="4" coveredmethods="2"/>
      <file name="Header.js" path="D:\my\react-c\src\todos\components\Header.js">
        <metrics statements="8" coveredstatements="6" conditionals="4" coveredconditionals="0" methods="4" coveredmethods="2"/>
        <line num="4" count="4" type="stmt"/>
        <line num="6" count="4" type="stmt"/>
        <line num="8" count="4" type="stmt"/>
        <line num="9" count="1" type="stmt"/>
        <line num="12" count="4" type="stmt"/>
        <line num="13" count="0" type="cond" truecount="0" falsecount="4"/>
        <line num="14" count="0" type="stmt"/>
        <line num="18" count="4" type="stmt"/>
      </file>
    </package>
  </project>
</coverage>
